Build 0
logfile opened on Fri Sep 30 21:57:51 2016

Error: Could not find rawfile "gamedata/ddldata/common/official_customgames.ddldata_1".
Error: Could not find rawfile "gamedata/ddldata/common/official_customgames.ddldata_2".
execing gamedata/configs/common/buttons/experimental.cfg from fastfile
execing gamedata/configs/common/buttons/experimental.cfg from fastfile
execing gamedata/configs/common/thumbstick/default.cfg from fastfile
execing gamedata/configs/common/buttons/experimental.cfg from fastfile
execing gamedata/configs/common/buttons/experimental.cfg from fastfile
execing gamedata/configs/common/thumbstick/default.cfg from fastfile
Starting up server with developer TRUE
FastFileLoad: Setting en_mp_sector to XZONE_LOADING.
Loading fastfile 'en_mp_sector'
Added xpak file: mp_sector (991 items)
Added XPaks for en_mp_sector, 17ms
SOUND Adding Bank mp_sector.en 1018 patch
Loading sounds for 'en_mp_sector'
SOUND load state for mp_sector.en patch changed from 0 to 1
SOUND load state for mp_sector.en patch changed from 1 to 2
SOUND load state for mp_sector.en patch changed from 2 to 3
SOUND load state for mp_sector.en patch changed from 3 to 4
SOUND load state for mp_sector.en patch changed from 4 to 5
SOUND load state for mp_sector.en patch changed from 5 to 6
SOUND load state for mp_sector.en patch changed from 6 to 7
SOUND load state for mp_sector.en changed from 0 to 1
SOUND load state for mp_sector.en changed from 1 to 2
SOUND load state for mp_sector.en changed from 2 to 3
SOUND load state for mp_sector.en changed from 3 to 4
SOUND load state for mp_sector.en changed from 4 to 5
SOUND load state for mp_sector.en changed from 5 to 6
SOUND load state for mp_sector.en changed from 6 to 7
Loaded sounds for 'en_mp_sector' 217ms
FastFileLoad: Setting en_mp_sector to XZONE_LOADED in 379ms.
FastFileLoad: Setting mp_sector to XZONE_LOADING.
Loading fastfile 'mp_sector'
Waited 1712 msec for asset 'maps/mp/mp_sector.d3dbsp' of type 'col_map'.
SOUND Adding Bank mp_sector.all 1019 patch
Waited 23 msec for asset 'gamedata/configstrings/mp_sector.csv' of type 'stringtable'.
xpak is empty: E:\Program Files (x86)\Steam\SteamApps\common\Call of Duty Black Ops III/zone/mp_sector_d.xpak
Added XPaks for mp_sector, 19ms
Loading sounds for 'mp_sector'
SOUND load state for mp_sector.all patch changed from 0 to 1
SOUND load state for mp_sector.all patch changed from 1 to 2
SOUND load state for mp_sector.all patch changed from 2 to 3
SOUND load state for mp_sector.all patch changed from 3 to 4
SOUND load state for mp_sector.all patch changed from 4 to 5
SOUND load state for mp_sector.all patch changed from 5 to 6
SOUND load state for mp_sector.all patch changed from 6 to 7
SOUND load state for mp_sector.all changed from 0 to 1
SOUND load state for mp_sector.all changed from 1 to 2
SOUND load state for mp_sector.all changed from 2 to 3
SOUND entry alloc E:\Program Files (x86)\Steam\SteamApps\common\Call of Duty Black Ops III/zone/snd/all/mp_sector.all.sabl 159
SOUND load state for mp_sector.all changed from 3 to 4
SOUND load state for mp_sector.all changed from 4 to 5
SOUND loaded alloc E:\Program Files (x86)\Steam\SteamApps\common\Call of Duty Black Ops III/zone/snd/all/mp_sector.all.sabl 0000000D06B9B800 0000000D06B9D000
SOUND load state for mp_sector.all changed from 5 to 6
SOUND load state for mp_sector.all changed from 6 to 7
Loaded sounds for 'mp_sector' 1117ms
FastFileLoad: Setting mp_sector to XZONE_LOADED in 2643ms.
Error: Could not find weapon "killstreak_ai_tank_drop_mp".
Error: Could not find weapon "killstreak_helicopter_player_firstperson_mp".
Error: Could not find weapon "killstreak_emp_mp".
Error: Could not find weapon "killstreak_helicopter_comlink_mp".
Error: Could not find weapon "killstreak_microwave_turret_mp".
Error: Could not find weapon "killstreak_rcbomb_mp".
Error: Could not find weapon "killstreak_auto_turret_mp".
Error: Could not find weapon "killstreak_helicopter_player_gunner_mp".
Error: Could not find weapon "killstreak_dart_mp".
Error: Could not find weapon "killstreak_sentinel_mp".
Error: Could not find weapon "killstreak_airstrike_mp".
Error: Could not find weapon "weapon_null_mp".
Error: Could not find weapon "killstreak_counteruav_mp".
Error: Could not find weapon "killstreak_drone_strike_mp".
Error: Could not find weapon "killstreak_straferun_mp".
Error: Could not find weapon "killstreak_helicopter_guard_mp".
Error: Could not find weapon "killstreak_helicopter_player_gunner_assistant_mp".
Error: Could not find weapon "killstreak_minigun_mp".
Error: Could not find weapon "killstreak_planemortar_mp".
Error: Could not find weapon "killstreak_raps_mp".
Error: Could not find weapon "killstreak_remote_missile_mp".
Error: Could not find weapon "killstreak_remote_mortar_mp".
Error: Could not find weapon "killstreak_satellite_mp".
Error: Could not find weapon "killstreak_supply_drop_mp".
Error: Could not find material "hud_ks_m32".
Error: Could not find material "hud_ks_minigun".
Error: Could not find fx "_t6/maps/mp_maps/fx_mp_exp_bomb".
Error: Could not find fx "_t6/vehicle/vexplosion/fx_vexplode_helicopter_exp_mp".
Error: Could not find fx "_t6/weapon/grenade/fx_spark_disabled_rc_car".
Error: Could not find fx "killstreaks/fx_drgnfire_damage_state".
Error: Could not find fx "killstreaks/fx_drgnfire_explosion".
Error: Could not find fx "killstreaks/fx_drgnfire_impact_sparks".
Error: Could not find fx "killstreaks/fx_drgnfire_light_green_1p".
Error: Could not find fx "killstreaks/fx_drgnfire_light_green_3p".
Error: Could not find fx "killstreaks/fx_drgnfire_light_red_3p".
Error: Could not find fx "killstreaks/fx_drgnfire_rotor_wash_runner".
Error: Could not find fx "killstreaks/fx_supply_drop_smoke".
Error: Could not find fx "ui/fx_fr_target_demat".
Error: Could not find fx "ui/fx_fr_target_impact".
Error: Could not find fx "ui/fx_ui_flagbase_blue".
Error: Could not find fx "ui/fx_ui_flagbase_orng".
Error: Could not find fx "ui/fx_ui_flagbase_wht".
Error: Could not find fx "_t6/impacts/fx_flesh_hit_neck_fatal".
Error: Could not find fx "_t6/trail/fx_trail_blood_streak".
Error: Could not find fx "_t6/weapon/riotshield/fx_riotshield_depoly_dust".
Error: Could not find fx "_t6/weapon/riotshield/fx_riotshield_depoly_lights".
Error: Could not find fx "vehicle/fx_quadtank_airburst".
Error: Could not find fx "vehicle/fx_quadtank_airburst_ground".
Error: Could not find fx "weapon/fx_betty_light_blue".
Error: Could not find fx "weapon/fx_betty_light_orng".
Error: Could not find fx "weapon/fx_hero_pineapple_trail_blue".
Error: Could not find fx "weapon/fx_hero_pineapple_trail_orng".
Error: Could not find fx "zombie/fx_blood_torso_explo_zmb".
Error: Could not find fx "animals/fx_bio_direwolf_eyes".
Error: Could not find fx "dlc1/castle/fx_mech_dmg_armor".
Error: Could not find fx "dlc1/castle/fx_mech_dmg_armor_face".
Error: Could not find fx "dlc1/castle/fx_mech_dmg_body_light".
Error: Could not find fx "dlc1/castle/fx_mech_dmg_knee_sparks".
Error: Could not find fx "dlc1/castle/fx_mech_dmg_sparks".
Error: Could not find fx "dlc1/castle/fx_mech_foot_step".
Error: Could not find fx "dlc1/castle/fx_mech_foot_step_steam".
Error: Could not find fx "dlc1/castle/fx_mech_head_light".
Error: Could not find fx "dlc1/castle/fx_mech_light_dmg".
Error: Could not find fx "dlc1/castle/fx_mech_wpn_flamethrower".
Error: Could not find fx "dlc1/castle/fx_wpn_115_muz".
Error: Could not find fx "dlc2/island/fx_spores_cloud_ambient_lrg".
Error: Could not find fx "dlc2/island/fx_spores_cloud_ambient_md".
Error: Could not find fx "dlc2/island/fx_spores_cloud_ambient_sm".
Error: Could not find fx "dlc2/island/fx_thrash_chest_mouth_drool_1p".
Error: Could not find fx "dlc2/island/fx_thrash_eye_glow".
Error: Could not find fx "dlc2/island/fx_thrash_eye_glow_rage".
Error: Could not find fx "dlc2/island/fx_thrash_pustule_burst".
Error: Could not find fx "dlc2/island/fx_thrash_pustule_impact".
Error: Could not find fx "dlc2/island/fx_thrash_pustule_reinflate".
Error: Could not find fx "dlc2/island/fx_thrash_pustule_spore_exp".
Error: Could not find fx "dlc2/island/fx_thrash_rage_gas_leg_lft".
Error: Could not find fx "dlc2/island/fx_thrash_rage_gas_leg_rgt".
Error: Could not find fx "dlc2/island/fx_thrash_rage_gas_torso".
Error: Could not find fx "electric/fx_elec_warlord_damage_1".
Error: Could not find fx "electric/fx_elec_warlord_damage_2".
Error: Could not find fx "electric/fx_elec_warlord_lower_damage_1".
Error: Could not find fx "electric/fx_elec_warlord_lower_damage_2".
Error: Could not find fx "explosions/fx_exp_warlord_death".
Error: Could not find fx "fire/fx_fire_ai_human_arm_left_loop_optim".
Error: Could not find fx "fire/fx_fire_ai_human_arm_right_loop_optim".
Error: Could not find fx "fire/fx_fire_ai_human_head_loop_optim".
Error: Could not find fx "fire/fx_fire_ai_human_hip_left_loop_optim".
Error: Could not find fx "fire/fx_fire_ai_human_hip_right_loop_optim".
Error: Could not find fx "fire/fx_fire_ai_human_leg_left_loop_optim".
Error: Could not find fx "fire/fx_fire_ai_human_leg_right_loop_optim".
Error: Could not find fx "fire/fx_fire_ai_human_torso_loop_optim".
Error: Could not find fx "light/fx_light_body_glow_warlord".
Error: Could not find fx "light/fx_light_eye_glow_warlord".
Error: Could not find fx "player/fx_plyr_ability_screen_blur_overdrive".
Error: Could not find fx "vehicle/fx_exhaust_jetpack_warlord_juke".
Error: Could not find fx "zombie/fx_fire_torso_zmb".
Error: Could not find fx "zombie/fx_margwa_head_shot_zod_zmb".
Error: Could not find fx "zombie/fx_margwa_roar_purple_zod_zmb".
Error: Could not find fx "zombie/fx_margwa_roar_zod_zmb".
Error: Could not find fx "zombie/fx_margwa_teleport_intro_zod_zmb".
Error: Could not find fx "zombie/fx_margwa_teleport_tell_zod_zmb".
Error: Could not find fx "zombie/fx_margwa_teleport_travel_zod_zmb".
Error: Could not find fx "zombie/fx_margwa_teleport_zod_zmb".
Error: Could not find fx "zombie/fx_val_chest_burst".
Error: Could not find weapon "smg_sten_mp".
Error: Could not find weapon "pistol_revolver38_mp".
Error: Could not find weapon "launcher_lockon_mp".
Error: Could not find rawfile "gamedata/constbaselines/mp/bl_little_endian_mp_sector_infect.bin".
Error: Could not find structuredtable "gamedata/tables/common/mod_game_types.json".
ModLoad done: mp_infected
execing gamedata/configs/mp/ragdoll.cfg from fastfile
Error: Could not find cgmediatable "cgmedia_mp_sector".
Error: Could not find leaderboarddef "lb_mp_cg_infect".
Error: Could not find rawfile "gamedata/constbaselines/mp/bl_little_endian_mp_sector_infect.bin".
[msg]DidUknowiPwn^7 Connected
Error: Could not find material "t7_hud_cp_help_indicator".
Error: Could not find material "t7_hud_cp_grenade_impact_a".
Error: Could not find material "t7_hud_cp_grenade_impact_b".
Error: Could not find material "t7_hud_cp_grenade_splash".
Error: Could not find structuredtable "gamedata/tables/mp/mp_sector_objectives.json".
Error: Could not find image "blacktransparent_sm".
Error: Could not find image "t7_hud_mp_ability_hero_heat_wave_available_sm".
]/god
[msg]godmode ON
[msg][3arc]D. Harper^7 Connected
[msg][3arc]J. McGinley^7 Connected
[msg][3arc]P. Ortiz^7 Connected
[msg][3arc]B. Carlson^7 Connected
[msg][3arc]R. Garcia^7 Connected
]/give hero_flamethrower
]/give ammo
]\bot_difficulty 3
]/qiut
Unknown command "qiut"
]/quit
quitting...
Unloading assets from fastfile 'mp_sector' and deleting all assets
SOUND Removing Bank 4 mp_sector.all patch
SOUND Removing Bank 5 mp_sector.all 
Unloading assets from fastfile 'en_mp_sector' and deleting all assets
Removed xpak file: mp_sector
SOUND Removing Bank 6 mp_sector.en patch
SOUND Removing Bank 7 mp_sector.en 
Unloading assets from fastfile 'mp_mod' and deleting all assets
Unloading assets from fastfile 'en_mp_mod' and deleting all assets
Removed xpak file: mp_mod
Unloading assets from fastfile 'mp_common' and deleting all assets
SOUND Removing Bank 8 mp_common.all patch
SOUND Removing Bank 9 mp_common.all 
Unloading assets from fastfile 'en_mp_common' and deleting all assets
SOUND Removing Bank 10 mp_common.en patch
SOUND Removing Bank 11 mp_common.en 
Unloading assets from fastfile 'mp_patch' and deleting all assets
SOUND Removing Bank 0 mp_patch.all 
Unloading assets from fastfile 'en_mp_patch' and deleting all assets
Removed xpak file: mp_initial
SOUND Removing Bank 1 mp_patch.en 
Unloading assets from fastfile 'core_common' and deleting all assets
Unloading assets from fastfile 'en_core_common' and deleting all assets
Unloading assets from fastfile 'core_ui' and deleting all assets
SOUND Removing Bank 12 core_ui.all patch
SOUND Removing Bank 13 core_ui.all 
Unloading assets from fastfile 'en_core_ui' and deleting all assets
SOUND Removing Bank 14 core_ui.en patch
SOUND Removing Bank 15 core_ui.en 
Unloading assets from fastfile 'core_post_gfx' and deleting all assets
SOUND Removing Bank 16 core_post_gfx.all patch
SOUND Removing Bank 17 core_post_gfx.all 
Unloading assets from fastfile 'en_core_post_gfx' and deleting all assets
SOUND Removing Bank 18 core_post_gfx.en patch
SOUND Removing Bank 19 core_post_gfx.en 
Unloading assets from fastfile 'core_gfx' and deleting all assets
Unloading assets from fastfile 'en_core_gfx' and deleting all assets
Unloading assets from fastfile 'core_patch' and deleting all assets
SOUND Removing Bank 2 core_patch.all 
Unloading assets from fastfile 'en_core_patch' and deleting all assets
Removed xpak file: en_base_patch
Removed xpak file: base_patch
Removed xpak file: en_base_patch_tu3
Removed xpak file: base_patch_tu3
Removed xpak file: en_base_patch_tu4
Removed xpak file: base_patch_tu4
Removed xpak file: base_patch_tu5
Removed xpak file: base_patch_tu6
Removed xpak file: base_patch_tu7
Removed xpak file: base_patch_tu8
Removed xpak file: base_patch_tu9
Removed xpak file: en_base_patch_tu10
Removed xpak file: base_patch_tu10
Removed xpak file: base_patch_tu11
Removed xpak file: base_patch_tu12
Removed xpak file: base_patch_tu13
Removed xpak file: base_patch_tu14
Removed xpak file: base_patch_tu15
SOUND Removing Bank 3 core_patch.en 
Unloading assets from fastfile 'core_pre_gfx' and deleting all assets
Unloading assets from fastfile 'en_core_pre_gfx' and deleting all assets
Removed xpak file: en_initial
Removed xpak file: initial
Removed xpak file: en_base
Removed xpak file: base
Unloaded fastfile 'mp_sector'
Unloaded fastfile 'en_mp_sector'
Unloaded fastfile 'mp_mod'
Unloaded fastfile 'en_mp_mod'
Unloaded fastfile 'mp_common'
Unloaded fastfile 'en_mp_common'
Unloaded fastfile 'mp_patch'
Unloaded fastfile 'en_mp_patch'
Unloaded fastfile 'core_common'
Unloaded fastfile 'en_core_common'
Unloaded fastfile 'core_ui'
Unloaded fastfile 'en_core_ui'
Unloaded fastfile 'core_post_gfx'
Unloaded fastfile 'en_core_post_gfx'
Unloaded fastfile 'core_gfx'
Unloaded fastfile 'en_core_gfx'
Unloaded fastfile 'core_patch'
Unloaded fastfile 'en_core_patch'
Unloaded fastfile 'core_pre_gfx'
Unloaded fastfile 'en_core_pre_gfx'
